[13:12:22] [main/INFO]: Logging in with username & password
[13:12:32] [Client thread/INFO]: Setting user: MR_Bulbasar
[13:12:43] [Client thread/WARN]: Skipping bad option: lastServer:
[13:12:43] [Client thread/INFO]: LWJGL Version: 2.9.4
[13:12:47] [Client thread/INFO]: [STDOUT]: ---- Minecraft Crash Report ----
// Sorry :(

Time: 5/23/17 1:12 PM
Description: Loading screen debug info

This is just a prompt for computer specs to be printed. THIS IS NOT A ERROR


A detailed walkthrough of the error, its code path and all known details is as follows:
---------------------------------------------------------------------------------------

-- System Details --
Details:
	Minecraft Version: 1.11.2
	Operating System: Windows 10 (amd64) version 10.0
	Java Version: 1.8.0_131, Oracle Corporation
	Java VM Version: Java HotSpot(TM) 64-Bit Server VM (mixed mode), Oracle Corporation
	Memory: 331266024 bytes (315 MB) / 510656512 bytes (487 MB) up to 1888485376 bytes (1801 MB)
	JVM Flags: 0 total; 
	IntCache: cache: 0, tcache: 0, allocated: 0, tallocated: 0
	FML: 
	Loaded coremods (and transformers): 
	GL info: ' Vendor: 'Intel' Version: '4.3.0 - Build 20.19.15.4568' Renderer: 'Intel(R) HD Graphics 4400'
[13:12:55] [Client thread/INFO]: Reloading ResourceManager: Default, FMLFileResourcePack:Forge Mod Loader, FMLFileResourcePack:Minecraft Forge, FMLFileResourcePack:Example Mod
[13:13:05] [Sound Library Loader/INFO]: Starting up SoundSystem...
[13:13:06] [Thread-8/INFO]: Initializing LWJGL OpenAL
[13:13:06] [Thread-8/INFO]: (The LWJGL binding of OpenAL.  For more information, see http://www.lwjgl.org)
[13:13:06] [Thread-8/INFO]: OpenAL initialized.
[13:13:06] [Sound Library Loader/INFO]: Sound engine started
[13:13:19] [Client thread/INFO]: Created: 16x16 textures-atlas
[13:13:21] [Client thread/INFO]: [STDOUT]: DIRT BLOCK >> tile.dirt
[13:13:21] [Client thread/INFO]: [STDOUT]: Dude!
[13:13:21] [Client thread/INFO]: [STDOUT]: Loaded!
[13:13:21] [Client thread/INFO]: Reloading ResourceManager: Default, FMLFileResourcePack:Forge Mod Loader, FMLFileResourcePack:Minecraft Forge, FMLFileResourcePack:Example Mod
[13:13:26] [Client thread/INFO]: SoundSystem shutting down...
[13:13:26] [Client thread/WARN]: Author: Paul Lamb, www.paulscode.com
[13:13:26] [Sound Library Loader/INFO]: Starting up SoundSystem...
[13:13:27] [Thread-10/INFO]: Initializing LWJGL OpenAL
[13:13:27] [Thread-10/INFO]: (The LWJGL binding of OpenAL.  For more information, see http://www.lwjgl.org)
[13:13:27] [Thread-10/INFO]: OpenAL initialized.
[13:13:27] [Sound Library Loader/INFO]: Sound engine started
[13:13:34] [Client thread/INFO]: Created: 512x512 textures-atlas
[13:13:38] [Client thread/WARN]: Skipping bad option: lastServer:
[13:13:44] [Server thread/INFO]: Starting integrated minecraft server version 1.11.2
[13:13:44] [Server thread/INFO]: Generating keypair
[13:13:46] [Server thread/INFO]: Preparing start region for level 0
[13:13:47] [Server thread/INFO]: Preparing spawn area: 0%
[13:13:48] [Server thread/INFO]: Preparing spawn area: 41%
[13:13:49] [Server thread/INFO]: Changing view distance to 12, from 10
[13:13:52] [Server thread/INFO]: MR_Bulbasar[local:E:ed7c7992] logged in with entity id 367 at (-259.47768180149507, 64.0, -33.47802227106194)
[13:13:52] [Server thread/INFO]: MR_Bulbasar joined the game
[13:13:54] [Server thread/INFO]: Saving and pausing game...
[13:13:54] [Server thread/INFO]: Saving chunks for level 'New World'/Overworld
[13:13:55] [Server thread/INFO]: Saving chunks for level 'New World'/Nether
[13:13:55] [Server thread/INFO]: Saving chunks for level 'New World'/The End
[13:13:56] [Server thread/WARN]: Can't keep up! Did the system time change, or is the server overloaded? Running 4598ms behind, skipping 91 tick(s)
[13:14:13] [Server thread/INFO]: Saving and pausing game...
[13:14:14] [Server thread/INFO]: Saving chunks for level 'New World'/Overworld
[13:14:14] [Server thread/INFO]: Saving chunks for level 'New World'/Nether
[13:14:14] [Server thread/INFO]: Saving chunks for level 'New World'/The End
[13:14:54] [Server thread/INFO]: Changing view distance to 6, from 12
[13:16:04] [Server thread/INFO]: Saving and pausing game...
[13:16:05] [Server thread/INFO]: Saving chunks for level 'New World'/Overworld
[13:16:05] [Server thread/INFO]: Saving chunks for level 'New World'/Nether
[13:16:05] [Server thread/INFO]: Saving chunks for level 'New World'/The End
[13:16:46] [Server thread/INFO]: Saving and pausing game...
[13:16:46] [Server thread/INFO]: Saving chunks for level 'New World'/Overworld
[13:16:46] [Server thread/INFO]: Saving chunks for level 'New World'/Nether
[13:16:46] [Server thread/INFO]: Saving chunks for level 'New World'/The End
[13:16:48] [Server thread/INFO]: Stopping server
[13:16:48] [Server thread/INFO]: Saving players
[13:16:48] [Server thread/INFO]: MR_Bulbasar lost connection: TextComponent{text='Disconnected', siblings=[], style=Style{hasParent=false, color=null, bold=null, italic=null, underlined=null, obfuscated=null, clickEvent=null, hoverEvent=null, insertion=null}}
[13:16:48] [Server thread/INFO]: MR_Bulbasar left the game
[13:16:48] [Server thread/INFO]: Stopping singleplayer server as player logged out
[13:16:48] [Server thread/INFO]: Saving worlds
[13:16:48] [Server thread/INFO]: Saving chunks for level 'New World'/Overworld
[13:16:48] [Server thread/INFO]: Saving chunks for level 'New World'/Nether
[13:16:48] [Server thread/INFO]: Saving chunks for level 'New World'/The End
[13:16:51] [Client thread/INFO]: Stopping!
[13:16:51] [Client thread/INFO]: SoundSystem shutting down...
[13:16:51] [Client thread/WARN]: Author: Paul Lamb, www.paulscode.com
